[     312ms] [WARNING] THREE.THREE.Clock: This module has been deprecated. Please use THREE.Timer instead. @ http://localhost:4321/node_modules/.vite/deps/chunk-65BBDVDB.js?v=b0b2dd6f:745
[   95727ms] ReferenceError: opacity is not defined
    at SpaceModel (http://localhost:4321/src/components/three/SpaceModel.tsx?t=1774437858202:52:7)
    at Object.react_stack_bottom_frame (http://localhost:4321/node_modules/.vite/deps/chunk-YQWUQ2ES.js?v=b0b2dd6f:7942:20)
    at It (http://localhost:4321/node_modules/.vite/deps/chunk-YQWUQ2ES.js?v=b0b2dd6f:3909:18)
    at ks (http://localhost:4321/node_modules/.vite/deps/chunk-YQWUQ2ES.js?v=b0b2dd6f:4956:376)
    at tt (http://localhost:4321/node_modules/.vite/deps/chunk-YQWUQ2ES.js?v=b0b2dd6f:5283:20)
    at B (http://localhost:4321/node_modules/.vite/deps/chunk-YQWUQ2ES.js?v=b0b2dd6f:2740:63)
    at Ph (http://localhost:4321/node_modules/.vite/deps/chunk-YQWUQ2ES.js?v=b0b2dd6f:7156:44)
    at wh (http://localhost:4321/node_modules/.vite/deps/chunk-YQWUQ2ES.js?v=b0b2dd6f:7072:31)
    at Ff (http://localhost:4321/node_modules/.vite/deps/chunk-YQWUQ2ES.js?v=b0b2dd6f:7063:13)
    at Lf (http://localhost:4321/node_modules/.vite/deps/chunk-YQWUQ2ES.js?v=b0b2dd6f:6845:61)
[   95728ms] ReferenceError: opacity is not defined
    at SpaceModel (http://localhost:4321/src/components/three/SpaceModel.tsx?t=1774437858202:52:7)
    at Object.react_stack_bottom_frame (http://localhost:4321/node_modules/.vite/deps/chunk-YQWUQ2ES.js?v=b0b2dd6f:7942:20)
    at It (http://localhost:4321/node_modules/.vite/deps/chunk-YQWUQ2ES.js?v=b0b2dd6f:3909:18)
    at ks (http://localhost:4321/node_modules/.vite/deps/chunk-YQWUQ2ES.js?v=b0b2dd6f:4956:376)
    at tt (http://localhost:4321/node_modules/.vite/deps/chunk-YQWUQ2ES.js?v=b0b2dd6f:5283:20)
    at B (http://localhost:4321/node_modules/.vite/deps/chunk-YQWUQ2ES.js?v=b0b2dd6f:2740:63)
    at Ph (http://localhost:4321/node_modules/.vite/deps/chunk-YQWUQ2ES.js?v=b0b2dd6f:7156:44)
    at wh (http://localhost:4321/node_modules/.vite/deps/chunk-YQWUQ2ES.js?v=b0b2dd6f:7072:31)
    at Ff (http://localhost:4321/node_modules/.vite/deps/chunk-YQWUQ2ES.js?v=b0b2dd6f:7063:13)
    at Lf (http://localhost:4321/node_modules/.vite/deps/chunk-YQWUQ2ES.js?v=b0b2dd6f:6845:61)
[   95728ms] [WARNING] %s

%s
 An error occurred in the <CanvasImpl> component. Consider adding an error boundary to your tree to customize error handling behavior.
Visit https://react.dev/link/error-boundaries to learn more about error boundaries. @ http://localhost:4321/node_modules/.vite/deps/chunk-RYVQS2XK.js?v=b0b2dd6f:6697
[   97519ms] [WARNING] THREE.THREE.Clock: This module has been deprecated. Please use THREE.Timer instead. @ http://localhost:4321/node_modules/.vite/deps/chunk-65BBDVDB.js?v=b0b2dd6f:745
